This file contains any messages produced by compilers while
running configure, to aid debugging if configure makes a mistake.

It was created by libtpl configure 1.4, which was
generated by GNU Autoconf 2.69.  Invocation command line was

  $ ./configure --prefix=/tmp/tpl --enable-shared

## --------- ##
## Platform. ##
## --------- ##

hostname = dx.burplex.com
uname -m = amd64
uname -r = 10.0-CURRENT
uname -s = FreeBSD
uname -v = FreeBSD 10.0-CURRENT #0 r251357: Mon Jun  3 20:42:39 PDT 2013     root@dx.burplex.com:/usr/obj/usr/src/sys/FURAHA 

/usr/bin/uname -p = amd64
/bin/uname -X     = unknown

/bin/arch              = unknown
/usr/bin/arch -k       = unknown
/usr/convex/getsysinfo = unknown
/usr/bin/hostinfo      = unknown
/bin/machine           = unknown
/usr/bin/oslevel       = unknown
/bin/universe          = unknown

PATH: /usr/local/libexec/ccache
PATH: /sbin
PATH: /bin
PATH: /usr/sbin
PATH: /usr/bin
PATH: /usr/games
PATH: /usr/local/sbin
PATH: /usr/local/bin
PATH: /root/bin


## ----------- ##
## Core tests. ##
## ----------- ##

configure:2155: checking for a BSD-compatible install
configure:2223: result: /usr/bin/install -c
configure:2234: checking whether build environment is sane
configure:2289: result: yes
configure:2440: checking for a thread-safe mkdir -p
configure:2479: result: /usr/local/bin/gmkdir -p
configure:2486: checking for gawk
configure:2502: found /usr/local/bin/gawk
configure:2513: result: gawk
configure:2524: checking whether make sets $(MAKE)
configure:2546: result: yes
configure:2680: checking for gcc
configure:2696: found /usr/bin/gcc
configure:2707: result: gcc
configure:2936: checking for C compiler version
configure:2945: gcc --version >&5
gcc (GCC) 4.2.1 20070831 patched [FreeBSD]
Copyright (C) 2007 Free Software Foundation, Inc.
This is free software; see the source for copying conditions.  There is NO
warranty; not even for MERCHANTABILITY or FITNESS FOR A PARTICULAR PURPOSE.

configure:2956: $? = 0
configure:2945: gcc -v >&5
Using built-in specs.
Target: amd64-undermydesk-freebsd
Configured with: FreeBSD/amd64 system compiler
Thread model: posix
gcc version 4.2.1 20070831 patched [FreeBSD]
configure:2956: $? = 0
configure:2945: gcc -V >&5
gcc: '-V' option must have argument
configure:2956: $? = 1
configure:2945: gcc -qversion >&5
gcc: unrecognized option '-qversion'
gcc: No input files specified
configure:2956: $? = 1
configure:2976: checking whether the C compiler works
configure:2998: gcc    conftest.c  >&5
configure:3002: $? = 0
configure:3050: result: yes
configure:3053: checking for C compiler default output file name
configure:3055: result: a.out
configure:3061: checking for suffix of executables
configure:3068: gcc -o conftest    conftest.c  >&5
configure:3072: $? = 0
configure:3094: result: 
configure:3116: checking whether we are cross compiling
configure:3124: gcc -o conftest    conftest.c  >&5
configure:3128: $? = 0
configure:3135: ./conftest
configure:3139: $? = 0
configure:3154: result: no
configure:3159: checking for suffix of object files
configure:3181: gcc -c   conftest.c >&5
configure:3185: $? = 0
configure:3206: result: o
configure:3210: checking whether we are using the GNU C compiler
configure:3229: gcc -c   conftest.c >&5
configure:3229: $? = 0
configure:3238: result: yes
configure:3247: checking whether gcc accepts -g
configure:3267: gcc -c -g  conftest.c >&5
configure:3267: $? = 0
configure:3308: result: yes
configure:3325: checking for gcc option to accept ISO C89
configure:3388: gcc  -c -g -O2  conftest.c >&5
configure:3388: $? = 0
configure:3401: result: none needed
configure:3432: checking for style of include used by make
configure:3460: result: GNU
configure:3486: checking dependency style of gcc
configure:3597: result: gcc3
configure:3645: checking build system type
configure:3659: result: amd64-unknown-freebsd10.0
configure:3679: checking host system type
configure:3692: result: amd64-unknown-freebsd10.0
configure:3733: checking how to print strings
configure:3760: result: printf
configure:3781: checking for a sed that does not truncate output
configure:3845: result: /usr/local/bin/gsed
configure:3863: checking for grep that handles long lines and -e
configure:3921: result: /usr/bin/grep
configure:3926: checking for egrep
configure:3988: result: /usr/bin/grep -E
configure:3993: checking for fgrep
configure:4055: result: /usr/bin/grep -F
configure:4090: checking for ld used by gcc
configure:4157: result: /usr/bin/ld
configure:4164: checking if the linker (/usr/bin/ld) is GNU ld
configure:4179: result: yes
configure:4191: checking for BSD- or MS-compatible name lister (nm)
configure:4240: result: /usr/bin/nm -B
configure:4370: checking the name lister (/usr/bin/nm -B) interface
configure:4377: gcc -c -g -O2  conftest.c >&5
configure:4380: /usr/bin/nm -B "conftest.o"
configure:4383: output
0000000000000000 B some_variable
configure:4390: result: BSD nm
configure:4393: checking whether ln -s works
configure:4397: result: yes
configure:4405: checking the maximum length of command line arguments
configure:4535: result: 196608
configure:4552: checking whether the shell understands some XSI constructs
configure:4562: result: yes
configure:4566: checking whether the shell understands "+="
configure:4572: result: no
configure:4607: checking how to convert amd64-unknown-freebsd10.0 file names to amd64-unknown-freebsd10.0 format
configure:4647: result: func_convert_file_noop
configure:4654: checking how to convert amd64-unknown-freebsd10.0 file names to toolchain format
configure:4674: result: func_convert_file_noop
configure:4681: checking for /usr/bin/ld option to reload object files
configure:4688: result: -r
configure:4762: checking for objdump
configure:4778: found /usr/bin/objdump
configure:4789: result: objdump
configure:4821: checking how to recognize dependent libraries
configure:5023: result: pass_all
configure:5108: checking for dlltool
configure:5138: result: no
configure:5168: checking how to associate runtime and link libraries
configure:5195: result: printf %s\n
configure:5256: checking for ar
configure:5272: found /usr/bin/ar
configure:5283: result: ar
configure:5320: checking for archiver @FILE support
configure:5337: gcc -c -g -O2  conftest.c >&5
configure:5337: $? = 0
configure:5340: ar cru libconftest.a @conftest.lst >&5
ar: warning: can't open file: @conftest.lst: No such file or directory
configure:5343: $? = 0
configure:5348: ar cru libconftest.a @conftest.lst >&5
ar: warning: can't open file: @conftest.lst: No such file or directory
configure:5351: $? = 0
configure:5363: result: no
configure:5421: checking for strip
configure:5437: found /usr/bin/strip
configure:5448: result: strip
configure:5520: checking for ranlib
configure:5536: found /usr/bin/ranlib
configure:5547: result: ranlib
configure:5649: checking command to parse /usr/bin/nm -B output from gcc object
configure:5769: gcc -c -g -O2  conftest.c >&5
configure:5772: $? = 0
configure:5776: /usr/bin/nm -B conftest.o \| sed -n -e 's/^.*[ ]\([ABCDGIRSTW][ABCDGIRSTW]*\)[ ][ ]*\([_A-Za-z][_A-Za-z0-9]*\)$/\1 \2 \2/p' | sed '/ __gnu_lto/d' \> conftest.nm
configure:5779: $? = 0
configure:5845: gcc -o conftest -g -O2   conftest.c conftstm.o >&5
configure:5848: $? = 0
configure:5886: result: ok
configure:5923: checking for sysroot
configure:5953: result: no
configure:6209: checking for mt
configure:6225: found /usr/bin/mt
configure:6236: result: mt
configure:6259: checking if mt is a manifest tool
configure:6265: mt '-?'
mt: illegal option -- ?
usage: mt [-f device] command [count]
configure:6273: result: no
configure:6915: checking how to run the C preprocessor
configure:6946: gcc -E  conftest.c
configure:6946: $? = 0
configure:6960: gcc -E  conftest.c
conftest.c:11:28: error: ac_nonexistent.h: No such file or directory
configure:6960: $? = 1
configure: failed program was:
| /* confdefs.h */
| #define PACKAGE_NAME "libtpl"
| #define PACKAGE_TARNAME "libtpl"
| #define PACKAGE_VERSION "1.4"
| #define PACKAGE_STRING "libtpl 1.4"
| #define PACKAGE_BUGREPORT "tdh@tkhanson.net"
| #define PACKAGE_URL ""
| #define PACKAGE "libtpl"
| #define VERSION "1.4"
| /* end confdefs.h.  */
| #include <ac_nonexistent.h>
configure:6985: result: gcc -E
configure:7005: gcc -E  conftest.c
configure:7005: $? = 0
configure:7019: gcc -E  conftest.c
conftest.c:11:28: error: ac_nonexistent.h: No such file or directory
configure:7019: $? = 1
configure: failed program was:
| /* confdefs.h */
| #define PACKAGE_NAME "libtpl"
| #define PACKAGE_TARNAME "libtpl"
| #define PACKAGE_VERSION "1.4"
| #define PACKAGE_STRING "libtpl 1.4"
| #define PACKAGE_BUGREPORT "tdh@tkhanson.net"
| #define PACKAGE_URL ""
| #define PACKAGE "libtpl"
| #define VERSION "1.4"
| /* end confdefs.h.  */
| #include <ac_nonexistent.h>
configure:7048: checking for ANSI C header files
configure:7068: gcc -c -g -O2  conftest.c >&5
configure:7068: $? = 0
configure:7141: gcc -o conftest -g -O2   conftest.c  >&5
configure:7141: $? = 0
configure:7141: ./conftest
configure:7141: $? = 0
configure:7152: result: yes
configure:7165: checking for sys/types.h
configure:7165: gcc -c -g -O2  conftest.c >&5
configure:7165: $? = 0
configure:7165: result: yes
configure:7165: checking for sys/stat.h
configure:7165: gcc -c -g -O2  conftest.c >&5
configure:7165: $? = 0
configure:7165: result: yes
configure:7165: checking for stdlib.h
configure:7165: gcc -c -g -O2  conftest.c >&5
configure:7165: $? = 0
configure:7165: result: yes
configure:7165: checking for string.h
configure:7165: gcc -c -g -O2  conftest.c >&5
configure:7165: $? = 0
configure:7165: result: yes
configure:7165: checking for memory.h
configure:7165: gcc -c -g -O2  conftest.c >&5
configure:7165: $? = 0
configure:7165: result: yes
configure:7165: checking for strings.h
configure:7165: gcc -c -g -O2  conftest.c >&5
configure:7165: $? = 0
configure:7165: result: yes
configure:7165: checking for inttypes.h
configure:7165: gcc -c -g -O2  conftest.c >&5
configure:7165: $? = 0
configure:7165: result: yes
configure:7165: checking for stdint.h
configure:7165: gcc -c -g -O2  conftest.c >&5
configure:7165: $? = 0
configure:7165: result: yes
configure:7165: checking for unistd.h
configure:7165: gcc -c -g -O2  conftest.c >&5
configure:7165: $? = 0
configure:7165: result: yes
configure:7179: checking for dlfcn.h
configure:7179: gcc -c -g -O2  conftest.c >&5
configure:7179: $? = 0
configure:7179: result: yes
configure:7385: checking for objdir
configure:7400: result: .libs
configure:7667: checking if gcc supports -fno-rtti -fno-exceptions
configure:7685: gcc -c -g -O2  -fno-rtti -fno-exceptions conftest.c >&5
cc1: warning: command line option "-fno-rtti" is valid for C++/ObjC++ but not for C
configure:7689: $? = 0
configure:7702: result: no
configure:8029: checking for gcc option to produce PIC
configure:8036: result: -fPIC -DPIC
configure:8044: checking if gcc PIC flag -fPIC -DPIC works
configure:8062: gcc -c -g -O2  -fPIC -DPIC -DPIC conftest.c >&5
configure:8066: $? = 0
configure:8079: result: yes
configure:8108: checking if gcc static flag -static works
configure:8136: result: yes
configure:8151: checking if gcc supports -c -o file.o
configure:8172: gcc -c -g -O2  -o out/conftest2.o conftest.c >&5
configure:8176: $? = 0
configure:8198: result: yes
configure:8206: checking if gcc supports -c -o file.o
configure:8253: result: yes
configure:8286: checking whether the gcc linker (/usr/bin/ld) supports shared libraries
configure:9439: result: yes
configure:9476: checking whether -lc should be explicitly linked in
configure:9484: gcc -c -g -O2  conftest.c >&5
configure:9487: $? = 0
configure:9502: gcc -shared  -fPIC -DPIC conftest.o  -v -Wl,-soname -Wl,conftest -o conftest 2\>\&1 \| /usr/bin/grep  -lc  \>/dev/null 2\>\&1
configure:9505: $? = 0
configure:9519: result: no
configure:9679: checking dynamic linker characteristics
configure:10412: result: freebsd10.0 ld.so
configure:10519: checking how to hardcode library paths into programs
configure:10544: result: immediate
configure:11084: checking whether stripping libraries is possible
configure:11089: result: yes
configure:11124: checking if libtool supports shared libraries
configure:11126: result: yes
configure:11129: checking whether to build shared libraries
configure:11150: result: yes
configure:11153: checking whether to build static libraries
configure:11157: result: yes
configure:11306: checking that generated files are newer than configure
configure:11312: result: done
configure:11335: creating ./config.status

## ---------------------- ##
## Running config.status. ##
## ---------------------- ##

This file was extended by libtpl config.status 1.4, which was
generated by GNU Autoconf 2.69.  Invocation command line was

  CONFIG_FILES    = 
  CONFIG_HEADERS  = 
  CONFIG_LINKS    = 
  CONFIG_COMMANDS = 
  $ ./config.status 

on dx.burplex.com

config.status:1074: creating src/Makefile
config.status:1074: creating Makefile
config.status:1074: creating config/config.h
config.status:1303: executing depfiles commands
config.status:1303: executing libtool commands

## ---------------- ##
## Cache variables. ##
## ---------------- ##

ac_cv_build=amd64-unknown-freebsd10.0
ac_cv_c_compiler_gnu=yes
ac_cv_env_CC_set=''
ac_cv_env_CC_value=''
ac_cv_env_CFLAGS_set=''
ac_cv_env_CFLAGS_value=''
ac_cv_env_CPPFLAGS_set=''
ac_cv_env_CPPFLAGS_value=''
ac_cv_env_CPP_set=''
ac_cv_env_CPP_value=''
ac_cv_env_LDFLAGS_set=''
ac_cv_env_LDFLAGS_value=''
ac_cv_env_LIBS_set=''
ac_cv_env_LIBS_value=''
ac_cv_env_build_alias_set=''
ac_cv_env_build_alias_value=''
ac_cv_env_host_alias_set=''
ac_cv_env_host_alias_value=''
ac_cv_env_target_alias_set=''
ac_cv_env_target_alias_value=''
ac_cv_header_dlfcn_h=yes
ac_cv_header_inttypes_h=yes
ac_cv_header_memory_h=yes
ac_cv_header_stdc=yes
ac_cv_header_stdint_h=yes
ac_cv_header_stdlib_h=yes
ac_cv_header_string_h=yes
ac_cv_header_strings_h=yes
ac_cv_header_sys_stat_h=yes
ac_cv_header_sys_types_h=yes
ac_cv_header_unistd_h=yes
ac_cv_host=amd64-unknown-freebsd10.0
ac_cv_objext=o
ac_cv_path_EGREP='/usr/bin/grep -E'
ac_cv_path_FGREP='/usr/bin/grep -F'
ac_cv_path_GREP=/usr/bin/grep
ac_cv_path_SED=/usr/local/bin/gsed
ac_cv_path_install='/usr/bin/install -c'
ac_cv_path_mkdir=/usr/local/bin/gmkdir
ac_cv_prog_AWK=gawk
ac_cv_prog_CPP='gcc -E'
ac_cv_prog_ac_ct_AR=ar
ac_cv_prog_ac_ct_CC=gcc
ac_cv_prog_ac_ct_MANIFEST_TOOL=mt
ac_cv_prog_ac_ct_OBJDUMP=objdump
ac_cv_prog_ac_ct_RANLIB=ranlib
ac_cv_prog_ac_ct_STRIP=strip
ac_cv_prog_cc_c89=''
ac_cv_prog_cc_g=yes
ac_cv_prog_make_make_set=yes
am_cv_CC_dependencies_compiler_type=gcc3
lt_cv_ar_at_file=no
lt_cv_archive_cmds_need_lc=no
lt_cv_deplibs_check_method=pass_all
lt_cv_file_magic_cmd='$MAGIC_CMD'
lt_cv_file_magic_test_file=''
lt_cv_ld_reload_flag=-r
lt_cv_nm_interface='BSD nm'
lt_cv_objdir=.libs
lt_cv_path_LD=/usr/bin/ld
lt_cv_path_NM='/usr/bin/nm -B'
lt_cv_path_mainfest_tool=no
lt_cv_prog_compiler_c_o=yes
lt_cv_prog_compiler_pic='-fPIC -DPIC'
lt_cv_prog_compiler_pic_works=yes
lt_cv_prog_compiler_rtti_exceptions=no
lt_cv_prog_compiler_static_works=yes
lt_cv_prog_gnu_ld=yes
lt_cv_sharedlib_from_linklib_cmd='printf %s\n'
lt_cv_sys_global_symbol_pipe='sed -n -e '\''s/^.*[	 ]\([ABCDGIRSTW][ABCDGIRSTW]*\)[	 ][	 ]*\([_A-Za-z][_A-Za-z0-9]*\)$/\1 \2 \2/p'\'' | sed '\''/ __gnu_lto/d'\'
lt_cv_sys_global_symbol_to_c_name_address='sed -n -e '\''s/^: \([^ ]*\)[ ]*$/  {\"\1\", (void *) 0},/p'\'' -e '\''s/^[ABCDGIRSTW]* \([^ ]*\) \([^ ]*\)$/  {"\2", (void *) \&\2},/p'\'
lt_cv_sys_global_symbol_to_c_name_address_lib_prefix='sed -n -e '\''s/^: \([^ ]*\)[ ]*$/  {\"\1\", (void *) 0},/p'\'' -e '\''s/^[ABCDGIRSTW]* \([^ ]*\) \(lib[^ ]*\)$/  {"\2", (void *) \&\2},/p'\'' -e '\''s/^[ABCDGIRSTW]* \([^ ]*\) \([^ ]*\)$/  {"lib\2", (void *) \&\2},/p'\'
lt_cv_sys_global_symbol_to_cdecl='sed -n -e '\''s/^T .* \(.*\)$/extern int \1();/p'\'' -e '\''s/^[ABCDGIRSTW]* .* \(.*\)$/extern char \1;/p'\'
lt_cv_sys_max_cmd_len=196608
lt_cv_to_host_file_cmd=func_convert_file_noop
lt_cv_to_tool_file_cmd=func_convert_file_noop

## ----------------- ##
## Output variables. ##
## ----------------- ##

ACLOCAL='${SHELL} /home/da3m0n8t3r/software/tpl/config/missing --run aclocal-1.12'
AMDEPBACKSLASH='\'
AMDEP_FALSE='#'
AMDEP_TRUE=''
AMTAR='$${TAR-tar}'
AR='ar'
AUTOCONF='${SHELL} /home/da3m0n8t3r/software/tpl/config/missing --run autoconf'
AUTOHEADER='${SHELL} /home/da3m0n8t3r/software/tpl/config/missing --run autoheader'
AUTOMAKE='${SHELL} /home/da3m0n8t3r/software/tpl/config/missing --run automake-1.12'
AWK='gawk'
CC='gcc'
CCDEPMODE='depmode=gcc3'
CFLAGS='-g -O2'
CPP='gcc -E'
CPPFLAGS=''
CYGPATH_W='echo'
DEFS='-DHAVE_CONFIG_H'
DEPDIR='.deps'
DLLTOOL='false'
DSYMUTIL=''
DUMPBIN=''
ECHO_C=''
ECHO_N='-n'
ECHO_T=''
EGREP='/usr/bin/grep -E'
EXEEXT=''
FGREP='/usr/bin/grep -F'
GREP='/usr/bin/grep'
INSTALL_DATA='${INSTALL} -m 644'
INSTALL_PROGRAM='${INSTALL}'
INSTALL_SCRIPT='${INSTALL}'
INSTALL_STRIP_PROGRAM='$(install_sh) -c -s'
LD='/usr/bin/ld'
LDFLAGS=''
LIBOBJS=''
LIBS=''
LIBTOOL='$(SHELL) $(top_builddir)/libtool'
LIPO=''
LN_S='ln -s'
LTLIBOBJS=''
MAKEINFO='${SHELL} /home/da3m0n8t3r/software/tpl/config/missing --run makeinfo'
MANIFEST_TOOL=':'
MKDIR_P='/usr/local/bin/gmkdir -p'
NM='/usr/bin/nm -B'
NMEDIT=''
OBJDUMP='objdump'
OBJEXT='o'
OTOOL64=''
OTOOL=''
PACKAGE='libtpl'
PACKAGE_BUGREPORT='tdh@tkhanson.net'
PACKAGE_NAME='libtpl'
PACKAGE_STRING='libtpl 1.4'
PACKAGE_TARNAME='libtpl'
PACKAGE_URL=''
PACKAGE_VERSION='1.4'
PATH_SEPARATOR=':'
RANLIB='ranlib'
SED='/usr/local/bin/gsed'
SET_MAKE=''
SHELL='/bin/sh'
STRIP='strip'
VERSION='1.4'
ac_ct_AR='ar'
ac_ct_CC='gcc'
ac_ct_DUMPBIN=''
am__EXEEXT_FALSE=''
am__EXEEXT_TRUE='#'
am__fastdepCC_FALSE='#'
am__fastdepCC_TRUE=''
am__include='include'
am__isrc=''
am__leading_dot='.'
am__nodep='_no'
am__quote=''
am__tar='$${TAR-tar} chof - "$$tardir"'
am__untar='$${TAR-tar} xf -'
bindir='${exec_prefix}/bin'
build='amd64-unknown-freebsd10.0'
build_alias=''
build_cpu='amd64'
build_os='freebsd10.0'
build_vendor='unknown'
datadir='${datarootdir}'
datarootdir='${prefix}/share'
docdir='${datarootdir}/doc/${PACKAGE_TARNAME}'
dvidir='${docdir}'
exec_prefix='${prefix}'
host='amd64-unknown-freebsd10.0'
host_alias=''
host_cpu='amd64'
host_os='freebsd10.0'
host_vendor='unknown'
htmldir='${docdir}'
includedir='${prefix}/include'
infodir='${datarootdir}/info'
install_sh='${SHELL} /home/da3m0n8t3r/software/tpl/config/install-sh'
libdir='${exec_prefix}/lib'
libexecdir='${exec_prefix}/libexec'
localedir='${datarootdir}/locale'
localstatedir='${prefix}/var'
mandir='${datarootdir}/man'
mkdir_p='$(MKDIR_P)'
oldincludedir='/usr/include'
pdfdir='${docdir}'
prefix='/tmp/tpl'
program_transform_name='s,x,x,'
psdir='${docdir}'
sbindir='${exec_prefix}/sbin'
sharedstatedir='${prefix}/com'
sysconfdir='${prefix}/etc'
target_alias=''

## ----------- ##
## confdefs.h. ##
## ----------- ##

/* confdefs.h */
#define PACKAGE_NAME "libtpl"
#define PACKAGE_TARNAME "libtpl"
#define PACKAGE_VERSION "1.4"
#define PACKAGE_STRING "libtpl 1.4"
#define PACKAGE_BUGREPORT "tdh@tkhanson.net"
#define PACKAGE_URL ""
#define PACKAGE "libtpl"
#define VERSION "1.4"
#define STDC_HEADERS 1
#define HAVE_SYS_TYPES_H 1
#define HAVE_SYS_STAT_H 1
#define HAVE_STDLIB_H 1
#define HAVE_STRING_H 1
#define HAVE_MEMORY_H 1
#define HAVE_STRINGS_H 1
#define HAVE_INTTYPES_H 1
#define HAVE_STDINT_H 1
#define HAVE_UNISTD_H 1
#define HAVE_DLFCN_H 1
#define LT_OBJDIR ".libs/"

configure: exit 0
